# JRE version: OpenJDK Runtime Environment AdoptOpenJDK (14.0.1+7) (build 14.0.1+7)
# Java VM: OpenJDK 64-Bit Server VM AdoptOpenJDK (14.0.1+7, mixed mode, sharing, tiered, compressed oops, parallel gc, linux-amd64)
Heap:
 PSYoungGen      total 99840K, used 34953K [0x00000000eab00000, 0x00000000f1e80000, 0x0000000100000000)
  eden space 88576K, 35% used [0x00000000eab00000,0x00000000ec9e63f0,0x00000000f0180000)
  from space 11264K, 29% used [0x00000000f1380000,0x00000000f16bc130,0x00000000f1e80000)
  to   space 14848K, 0% used [0x00000000f0180000,0x00000000f0180000,0x00000000f1000000)
 ParOldGen       total 73728K, used 38902K [0x00000000c0000000, 0x00000000c4800000, 0x00000000eab00000)
  object space 73728K, 52% used [0x00000000c0000000,0x00000000c25fdbc8,0x00000000c4800000)
 Metaspace       used 76986K, capacity 83563K, committed 83864K, reserved 1122304K
  class space    used 8788K, capacity 10957K, committed 11000K, reserved 1048576K
GC Heap History (20 events):
Event: 4.230 GC heap before
{Heap before GC invocations=8 (full 1):
 PSYoungGen      total 125952K, used 47193K [0x00000000eab00000, 0x00000000f3700000, 0x0000000100000000)
  eden space 110592K, 42% used [0x00000000eab00000,0x00000000ed916528,0x00000000f1700000)
  from space 15360K, 0% used [0x00000000f2800000,0x00000000f2800000,0x00000000f3700000)
  to   space 16384K, 0% used [0x00000000f1700000,0x00000000f1700000,0x00000000f2700000)
 ParOldGen       total 73728K, used 16151K [0x00000000c0000000, 0x00000000c4800000, 0x00000000eab00000)
  object space 73728K, 21% used [0x00000000c0000000,0x00000000c0fc5d88,0x00000000c4800000)
 Metaspace       used 31969K, capacity 35431K, committed 35496K, reserved 1079296K
  class space    used 3708K, capacity 4801K, committed 4856K, reserved 1048576K
}
Event: 4.235 GC heap after
{Heap after GC invocations=8 (full 1):
 PSYoungGen      total 116224K, used 5304K [0x00000000eab00000, 0x00000000f3600000, 0x0000000100000000)
  eden space 110592K, 0% used [0x00000000eab00000,0x00000000eab00000,0x00000000f1700000)
  from space 5632K, 94% used [0x00000000f1700000,0x00000000f1c2e130,0x00000000f1c80000)
  to   space 15872K, 0% used [0x00000000f2680000,0x00000000f2680000,0x00000000f3600000)
 ParOldGen       total 73728K, used 16159K [0x00000000c0000000, 0x00000000c4800000, 0x00000000eab00000)
  object space 73728K, 21% used [0x00000000c0000000,0x00000000c0fc7d88,0x00000000c4800000)
 Metaspace       used 31969K, capacity 35431K, committed 35496K, reserved 1079296K
  class space    used 3708K, capacity 4801K, committed 4856K, reserved 1048576K
}
Event: 4.235 GC heap before
{Heap before GC invocations=9 (full 2):
 PSYoungGen      total 116224K, used 5304K [0x00000000eab00000, 0x00000000f3600000, 0x0000000100000000)
  eden space 110592K, 0% used [0x00000000eab00000,0x00000000eab00000,0x00000000f1700000)
  from space 5632K, 94% used [0x00000000f1700000,0x00000000f1c2e130,0x00000000f1c80000)
  to   space 15872K, 0% used [0x00000000f2680000,0x00000000f2680000,0x00000000f3600000)
 ParOldGen       total 73728K, used 16159K [0x00000000c0000000, 0x00000000c4800000, 0x00000000eab00000)
  object space 73728K, 21% used [0x00000000c0000000,0x00000000c0fc7d88,0x00000000c4800000)
 Metaspace       used 31969K, capacity 35431K, committed 35496K, reserved 1079296K
  class space    used 3708K, capacity 4801K, committed 4856K, reserved 1048576K
}
Event: 4.271 GC heap after
{Heap after GC invocations=9 (full 2):
 PSYoungGen      total 116224K, used 0K [0x00000000eab00000, 0x00000000f3600000, 0x0000000100000000)
  eden space 110592K, 0% used [0x00000000eab00000,0x00000000eab00000,0x00000000f1700000)
  from space 5632K, 0% used [0x00000000f1700000,0x00000000f1700000,0x00000000f1c80000)
  to   space 15872K, 0% used [0x00000000f2680000,0x00000000f2680000,0x00000000f3600000)
 ParOldGen       total 73728K, used 19322K [0x00000000c0000000, 0x00000000c4800000, 0x00000000eab00000)
  object space 73728K, 26% used [0x00000000c0000000,0x00000000c12de9c0,0x00000000c4800000)
 Metaspace       used 31969K, capacity 35431K, committed 35496K, reserved 1079296K
  class space    used 3708K, capacity 4801K, committed 4856K, reserved 1048576K
}
Event: 7.091 GC heap before
{Heap before GC invocations=10 (full 2):
 PSYoungGen      total 116224K, used 84113K [0x00000000eab00000, 0x00000000f3600000, 0x0000000100000000)
  eden space 110592K, 76% used [0x00000000eab00000,0x00000000efd24520,0x00000000f1700000)
  from space 5632K, 0% used [0x00000000f1700000,0x00000000f1700000,0x00000000f1c80000)
  to   space 15872K, 0% used [0x00000000f2680000,0x00000000f2680000,0x00000000f3600000)
 ParOldGen       total 73728K, used 19322K [0x00000000c0000000, 0x00000000c4800000, 0x00000000eab00000)
  object space 73728K, 26% used [0x00000000c0000000,0x00000000c12de9c0,0x00000000c4800000)
 Metaspace       used 53667K, capacity 59088K, committed 59160K, reserved 1099776K
  class space    used 6539K, capacity 8287K, committed 8312K, reserved 1048576K
}
Event: 7.099 GC heap after
{Heap after GC invocations=10 (full 2):
 PSYoungGen      total 126464K, used 9844K [0x00000000eab00000, 0x00000000f3600000, 0x0000000100000000)
  eden space 110592K, 0% used [0x00000000eab00000,0x00000000eab00000,0x00000000f1700000)
  from space 15872K, 62% used [0x00000000f2680000,0x00000000f301d040,0x00000000f3600000)
  to   space 15872K, 0% used [0x00000000f1700000,0x00000000f1700000,0x00000000f2680000)
 ParOldGen       total 73728K, used 19330K [0x00000000c0000000, 0x00000000c4800000, 0x00000000eab00000)
  object space 73728K, 26% used [0x00000000c0000000,0x00000000c12e09c0,0x00000000c4800000)
 Metaspace       used 53667K, capacity 59088K, committed 59160K, reserved 1099776K
  class space    used 6539K, capacity 8287K, committed 8312K, reserved 1048576K
}
Event: 7.099 GC heap before
{Heap before GC invocations=11 (full 3):
 PSYoungGen      total 126464K, used 9844K [0x00000000eab00000, 0x00000000f3600000, 0x0000000100000000)
  eden space 110592K, 0% used [0x00000000eab00000,0x00000000eab00000,0x00000000f1700000)
  from space 15872K, 62% used [0x00000000f2680000,0x00000000f301d040,0x00000000f3600000)
  to   space 15872K, 0% used [0x00000000f1700000,0x00000000f1700000,0x00000000f2680000)
 ParOldGen       total 73728K, used 19330K [0x00000000c0000000, 0x00000000c4800000, 0x00000000eab00000)
  object space 73728K, 26% used [0x00000000c0000000,0x00000000c12e09c0,0x00000000c4800000)
 Metaspace       used 53667K, capacity 59088K, committed 59160K, reserved 1099776K
  class space    used 6539K, capacity 8287K, committed 8312K, reserved 1048576K
}
Event: 7.161 GC heap after
{Heap after GC invocations=11 (full 3):
 PSYoungGen      total 126464K, used 0K [0x00000000eab00000, 0x00000000f3600000, 0x0000000100000000)
  eden space 110592K, 0% used [0x00000000eab00000,0x00000000eab00000,0x00000000f1700000)
  from space 15872K, 0% used [0x00000000f2680000,0x00000000f2680000,0x00000000f3600000)
  to   space 15872K, 0% used [0x00000000f1700000,0x00000000f1700000,0x00000000f2680000)
 ParOldGen       total 73728K, used 27975K [0x00000000c0000000, 0x00000000c4800000, 0x00000000eab00000)
  object space 73728K, 37% used [0x00000000c0000000,0x00000000c1b51e28,0x00000000c4800000)
 Metaspace       used 53667K, capacity 59088K, committed 59160K, reserved 1099776K
  class space    used 6539K, capacity 8287K, committed 8312K, reserved 1048576K
}
Event: 26.425 GC heap before
{Heap before GC invocations=12 (full 3):
 PSYoungGen      total 126464K, used 110592K [0x00000000eab00000, 0x00000000f3600000, 0x0000000100000000)
  eden space 110592K, 100% used [0x00000000eab00000,0x00000000f1700000,0x00000000f1700000)
  from space 15872K, 0% used [0x00000000f2680000,0x00000000f2680000,0x00000000f3600000)
  to   space 15872K, 0% used [0x00000000f1700000,0x00000000f1700000,0x00000000f2680000)
 ParOldGen       total 73728K, used 27975K [0x00000000c0000000, 0x00000000c4800000, 0x00000000eab00000)
  object space 73728K, 37% used [0x00000000c0000000,0x00000000c1b51e28,0x00000000c4800000)
 Metaspace       used 59900K, capacity 65790K, committed 65944K, reserved 1105920K
  class space    used 7295K, capacity 9100K, committed 9208K, reserved 1048576K
}
Event: 26.431 GC heap after
{Heap after GC invocations=12 (full 3):
 PSYoungGen      total 109056K, used 2106K [0x00000000eab00000, 0x00000000f3300000, 0x0000000100000000)
  eden space 106496K, 0% used [0x00000000eab00000,0x00000000eab00000,0x00000000f1300000)
  from space 2560K, 82% used [0x00000000f1700000,0x00000000f190e980,0x00000000f1980000)
  to   space 16384K, 0% used [0x00000000f2300000,0x00000000f2300000,0x00000000f3300000)
 ParOldGen       total 73728K, used 27983K [0x00000000c0000000, 0x00000000c4800000, 0x00000000eab00000)
  object space 73728K, 37% used [0x00000000c0000000,0x00000000c1b53e28,0x00000000c4800000)
 Metaspace       used 59900K, capacity 65790K, committed 65944K, reserved 1105920K
  class space    used 7295K, capacity 9100K, committed 9208K, reserved 1048576K
}
Event: 43.959 GC heap before
{Heap before GC invocations=13 (full 3):
 PSYoungGen      total 109056K, used 108602K [0x00000000eab00000, 0x00000000f3300000, 0x0000000100000000)
  eden space 106496K, 100% used [0x00000000eab00000,0x00000000f1300000,0x00000000f1300000)
  from space 2560K, 82% used [0x00000000f1700000,0x00000000f190e980,0x00000000f1980000)
  to   space 16384K, 0% used [0x00000000f2300000,0x00000000f2300000,0x00000000f3300000)
 ParOldGen       total 73728K, used 27983K [0x00000000c0000000, 0x00000000c4800000, 0x00000000eab00000)
  object space 73728K, 37% used [0x00000000c0000000,0x00000000c1b53e28,0x00000000c4800000)
 Metaspace       used 64128K, capacity 70503K, committed 70808K, reserved 1110016K
  class space    used 7789K, capacity 9862K, committed 9976K, reserved 1048576K
}
Event: 43.967 GC heap after
{Heap after GC invocations=13 (full 3):
 PSYoungGen      total 113664K, used 5386K [0x00000000eab00000, 0x00000000f2e00000, 0x0000000100000000)
  eden space 102400K, 0% used [0x00000000eab00000,0x00000000eab00000,0x00000000f0f00000)
  from space 11264K, 47% used [0x00000000f2300000,0x00000000f2842970,0x00000000f2e00000)
  to   space 15872K, 0% used [0x00000000f0f00000,0x00000000f0f00000,0x00000000f1e80000)
 ParOldGen       total 73728K, used 27991K [0x00000000c0000000, 0x00000000c4800000, 0x00000000eab00000)
  object space 73728K, 37% used [0x00000000c0000000,0x00000000c1b55e28,0x00000000c4800000)
 Metaspace       used 64128K, capacity 70503K, committed 70808K, reserved 1110016K
  class space    used 7789K, capacity 9862K, committed 9976K, reserved 1048576K
}
Event: 78.289 GC heap before
{Heap before GC invocations=14 (full 3):
 PSYoungGen      total 113664K, used 107786K [0x00000000eab00000, 0x00000000f2e00000, 0x0000000100000000)
  eden space 102400K, 100% used [0x00000000eab00000,0x00000000f0f00000,0x00000000f0f00000)
  from space 11264K, 47% used [0x00000000f2300000,0x00000000f2842970,0x00000000f2e00000)
  to   space 15872K, 0% used [0x00000000f0f00000,0x00000000f0f00000,0x00000000f1e80000)
 ParOldGen       total 73728K, used 27991K [0x00000000c0000000, 0x00000000c4800000, 0x00000000eab00000)
  object space 73728K, 37% used [0x00000000c0000000,0x00000000c1b55e28,0x00000000c4800000)
 Metaspace       used 65335K, capacity 71589K, committed 71960K, reserved 1112064K
  class space    used 7904K, capacity 10002K, committed 10104K, reserved 1048576K
}
Event: 78.295 GC heap after
{Heap after GC invocations=14 (full 3):
 PSYoungGen      total 99840K, used 688K [0x00000000eab00000, 0x00000000f2a80000, 0x0000000100000000)
  eden space 98816K, 0% used [0x00000000eab00000,0x00000000eab00000,0x00000000f0b80000)
  from space 1024K, 67% used [0x00000000f0f00000,0x00000000f0fac010,0x00000000f1000000)
  to   space 15872K, 0% used [0x00000000f1b00000,0x00000000f1b00000,0x00000000f2a80000)
 ParOldGen       total 73728K, used 33122K [0x00000000c0000000, 0x00000000c4800000, 0x00000000eab00000)
  object space 73728K, 44% used [0x00000000c0000000,0x00000000c2058b00,0x00000000c4800000)
 Metaspace       used 65335K, capacity 71589K, committed 71960K, reserved 1112064K
  class space    used 7904K, capacity 10002K, committed 10104K, reserved 1048576K
}
Event: 92.299 GC heap before
{Heap before GC invocations=15 (full 3):
 PSYoungGen      total 99840K, used 99499K [0x00000000eab00000, 0x00000000f2a80000, 0x0000000100000000)
  eden space 98816K, 99% used [0x00000000eab00000,0x00000000f0b7eee0,0x00000000f0b80000)
  from space 1024K, 67% used [0x00000000f0f00000,0x00000000f0fac010,0x00000000f1000000)
  to   space 15872K, 0% used [0x00000000f1b00000,0x00000000f1b00000,0x00000000f2a80000)
 ParOldGen       total 73728K, used 33122K [0x00000000c0000000, 0x00000000c4800000, 0x00000000eab00000)
  object space 73728K, 44% used [0x00000000c0000000,0x00000000c2058b00,0x00000000c4800000)
 Metaspace       used 75318K, capacity 81831K, committed 82200K, reserved 1120256K
  class space    used 8676K, capacity 10810K, committed 10872K, reserved 1048576K
}
Event: 92.307 GC heap after
{Heap after GC invocations=15 (full 3):
 PSYoungGen      total 106496K, used 6438K [0x00000000eab00000, 0x00000000f2600000, 0x0000000100000000)
  eden space 95232K, 0% used [0x00000000eab00000,0x00000000eab00000,0x00000000f0800000)
  from space 11264K, 57% used [0x00000000f1b00000,0x00000000f21499a0,0x00000000f2600000)
  to   space 15360K, 0% used [0x00000000f0800000,0x00000000f0800000,0x00000000f1700000)
 ParOldGen       total 73728K, used 33495K [0x00000000c0000000, 0x00000000c4800000, 0x00000000eab00000)
  object space 73728K, 45% used [0x00000000c0000000,0x00000000c20b5e30,0x00000000c4800000)
 Metaspace       used 75318K, capacity 81831K, committed 82200K, reserved 1120256K
  class space    used 8676K, capacity 10810K, committed 10872K, reserved 1048576K
}
Event: 154.450 GC heap before
{Heap before GC invocations=16 (full 3):
 PSYoungGen      total 106496K, used 101670K [0x00000000eab00000, 0x00000000f2600000, 0x0000000100000000)
  eden space 95232K, 100% used [0x00000000eab00000,0x00000000f0800000,0x00000000f0800000)
  from space 11264K, 57% used [0x00000000f1b00000,0x00000000f21499a0,0x00000000f2600000)
  to   space 15360K, 0% used [0x00000000f0800000,0x00000000f0800000,0x00000000f1700000)
 ParOldGen       total 73728K, used 33495K [0x00000000c0000000, 0x00000000c4800000, 0x00000000eab00000)
  object space 73728K, 45% used [0x00000000c0000000,0x00000000c20b5e30,0x00000000c4800000)
 Metaspace       used 76484K, capacity 82996K, committed 83352K, reserved 1122304K
  class space    used 8777K, capacity 10921K, committed 11000K, reserved 1048576K
}
Event: 154.457 GC heap after
{Heap after GC invocations=16 (full 3):
 PSYoungGen      total 94208K, used 2503K [0x00000000eab00000, 0x00000000f2280000, 0x0000000100000000)
  eden space 91648K, 0% used [0x00000000eab00000,0x00000000eab00000,0x00000000f0480000)
  from space 2560K, 97% used [0x00000000f0800000,0x00000000f0a71f80,0x00000000f0a80000)
  to   space 15360K, 0% used [0x00000000f1380000,0x00000000f1380000,0x00000000f2280000)
 ParOldGen       total 73728K, used 38054K [0x00000000c0000000, 0x00000000c4800000, 0x00000000eab00000)
  object space 73728K, 51% used [0x00000000c0000000,0x00000000c2529b08,0x00000000c4800000)
 Metaspace       used 76484K, capacity 82996K, committed 83352K, reserved 1122304K
  class space    used 8777K, capacity 10921K, committed 11000K, reserved 1048576K
}
Event: 175.693 GC heap before
{Heap before GC invocations=17 (full 3):
 PSYoungGen      total 94208K, used 94151K [0x00000000eab00000, 0x00000000f2280000, 0x0000000100000000)
  eden space 91648K, 100% used [0x00000000eab00000,0x00000000f0480000,0x00000000f0480000)
  from space 2560K, 97% used [0x00000000f0800000,0x00000000f0a71f80,0x00000000f0a80000)
  to   space 15360K, 0% used [0x00000000f1380000,0x00000000f1380000,0x00000000f2280000)
 ParOldGen       total 73728K, used 38054K [0x00000000c0000000, 0x00000000c4800000, 0x00000000eab00000)
  object space 73728K, 51% used [0x00000000c0000000,0x00000000c2529b08,0x00000000c4800000)
 Metaspace       used 76645K, capacity 83254K, committed 83608K, reserved 1122304K
  class space    used 8779K, capacity 10921K, committed 11000K, reserved 1048576K
}
Event: 175.697 GC heap after
{Heap after GC invocations=17 (full 3):
 PSYoungGen      total 99840K, used 3312K [0x00000000eab00000, 0x00000000f1e80000, 0x0000000100000000)
  eden space 88576K, 0% used [0x00000000eab00000,0x00000000eab00000,0x00000000f0180000)
  from space 11264K, 29% used [0x00000000f1380000,0x00000000f16bc130,0x00000000f1e80000)
  to   space 14848K, 0% used [0x00000000f0180000,0x00000000f0180000,0x00000000f1000000)
 ParOldGen       total 73728K, used 38902K [0x00000000c0000000, 0x00000000c4800000, 0x00000000eab00000)
  object space 73728K, 52% used [0x00000000c0000000,0x00000000c25fdbc8,0x00000000c4800000)
 Metaspace       used 76645K, capacity 83254K, committed 83608K, reserved 1122304K
  class space    used 8779K, capacity 10921K, committed 11000K, reserved 1048576K
}

